<?xml version="1.0" encoding="UTF-8"?>
<!-- Generated by org.testng.reporters.JUnitReportReporter -->
<testsuite skipped="0" hostname="DESKTOP-H5EGRJF" name="com.test.reverseOfString" tests="1" failures="0" timestamp="2020-02-19T07:14:29 CST" time="0.014" errors="0">
  <testcase name="reverserof" time="0.014" classname="com.test.reverseOfString"/>
</testsuite> <!-- com.test.reverseOfString -->
