<?xml version="1.0" encoding="UTF-8"?>
<!-- Generated by org.testng.reporters.JUnitReportReporter -->
<testsuite hostname="BinduVenkat" failures="0" tests="1" name="com.test.ExpectedExceptionAnnotations" time="0.014" errors="0" timestamp="2020-12-08T14:27:28 CST" skipped="0">
  <testcase classname="com.test.ExpectedExceptionAnnotations" name="method1" time="0.014"/>
  <system-out/>
</testsuite> <!-- com.test.ExpectedExceptionAnnotations -->
