<?xml version="1.0" encoding="UTF-8"?>
<!-- Generated by org.testng.reporters.JUnitReportReporter -->
<testsuite skipped="0" hostname="DESKTOP-H5EGRJF" name="com.test.AllParamaeters_All" tests="10" failures="0" timestamp="2020-02-26T11:35:06 CST" time="0.039" errors="0">
  <testcase name="VerifyTitle" time="0.002" classname="com.test.AllParamaeters_All"/>
  <testcase name="VerifyTitle" time="0.003" classname="com.test.AllParamaeters_All"/>
  <testcase name="VerifyTitle" time="0.004" classname="com.test.AllParamaeters_All"/>
  <testcase name="VerifyTitle" time="0.006" classname="com.test.AllParamaeters_All"/>
  <testcase name="VerifyTitle" time="0.008" classname="com.test.AllParamaeters_All"/>
  <testcase name="VerifyTitle" time="0.004" classname="com.test.AllParamaeters_All"/>
  <testcase name="VerifyTitle" time="0.003" classname="com.test.AllParamaeters_All"/>
  <testcase name="VerifyTitle" time="0.002" classname="com.test.AllParamaeters_All"/>
  <testcase name="VerifyTitle" time="0.003" classname="com.test.AllParamaeters_All"/>
  <testcase name="VerifyTitle" time="0.004" classname="com.test.AllParamaeters_All"/>
</testsuite> <!-- com.test.AllParamaeters_All -->
