<?xml version="1.0" encoding="UTF-8"?>
<!-- Generated by org.testng.reporters.JUnitReportReporter -->
<testsuite skipped="0" hostname="DESKTOP-H5EGRJF" name="com.test.TestNgBasics" tests="1" failures="0" timestamp="2020-02-17T10:57:22 CST" time="6.066" errors="0">
  <testcase name="enterURL" time="6.066" classname="com.test.TestNgBasics"/>
</testsuite> <!-- com.test.TestNgBasics -->
