<?xml version="1.0" encoding="UTF-8"?>
<!-- Generated by org.testng.reporters.JUnitReportReporter -->
<testsuite skipped="0" hostname="DESKTOP-H5EGRJF" name="com.test.TestngAnnotations" tests="2" failures="0" timestamp="2020-02-17T22:21:37 CST" time="0.012" errors="0">
  <testcase name="color_of_page" time="0.009" classname="com.test.TestngAnnotations"/>
  <testcase name="titleOfPage" time="0.003" classname="com.test.TestngAnnotations"/>
</testsuite> <!-- com.test.TestngAnnotations -->
