<?xml version="1.0" encoding="UTF-8"?>
<!-- Generated by org.testng.reporters.JUnitReportReporter -->
<testsuite skipped="0" hostname="DESKTOP-H5EGRJF" name="com.test.TestNg_Webdriver" tests="3" failures="0" timestamp="2020-02-26T08:04:28 CST" time="24.868" errors="0">
  <testcase name="verifyTitle" time="7.924" classname="com.test.TestNg_Webdriver"/>
  <testcase name="verifyTitle1" time="8.346" classname="com.test.TestNg_Webdriver"/>
  <testcase name="VerifySearch" time="8.598" classname="com.test.TestNg_Webdriver"/>
</testsuite> <!-- com.test.TestNg_Webdriver -->
