<?xml version="1.0" encoding="UTF-8"?>
<!-- Generated by org.testng.reporters.JUnitReportReporter -->
<testsuite skipped="0" hostname="DESKTOP-H5EGRJF" name="com.test.InvocationCount" tests="10" failures="0" timestamp="2020-02-26T08:04:28 CST" time="51.917" errors="0">
  <testcase name="test" time="5.449" classname="com.test.InvocationCount"/>
  <testcase name="test" time="6.616" classname="com.test.InvocationCount"/>
  <testcase name="test" time="3.389" classname="com.test.InvocationCount"/>
  <testcase name="test" time="6.132" classname="com.test.InvocationCount"/>
  <testcase name="test" time="3.827" classname="com.test.InvocationCount"/>
  <testcase name="test" time="5.687" classname="com.test.InvocationCount"/>
  <testcase name="test" time="5.508" classname="com.test.InvocationCount"/>
  <testcase name="test" time="3.464" classname="com.test.InvocationCount"/>
  <testcase name="test" time="5.371" classname="com.test.InvocationCount"/>
  <testcase name="test" time="6.474" classname="com.test.InvocationCount"/>
</testsuite> <!-- com.test.InvocationCount -->
