<?xml version="1.0" encoding="UTF-8"?>
<!-- Generated by org.testng.reporters.JUnitReportReporter -->
<testsuite skipped="0" hostname="Sudheer" name="com.test.dependsonAnnotation" tests="1" failures="0" timestamp="2020-07-23T23:27:33 CDT" time="0.009" errors="0">
  <testcase name="ee" time="0.009" classname="com.test.dependsonAnnotation"/>
  <system-out/>
</testsuite> <!-- com.test.dependsonAnnotation -->
