<?xml version="1.0" encoding="UTF-8"?>
<!-- Generated by org.testng.reporters.JUnitReportReporter -->
<testsuite skipped="0" hostname="Sudheer" name="com.test.testinvocation" tests="12" failures="0" timestamp="2020-07-23T23:17:39 CDT" time="0.045" errors="0">
  <testcase name="aaa" time="0.002" classname="com.test.testinvocation"/>
  <system-out/>
  <testcase name="aaa" time="0.001" classname="com.test.testinvocation"/>
  <system-out/>
  <testcase name="aaa" time="0.002" classname="com.test.testinvocation"/>
  <system-out/>
  <testcase name="aaa" time="0.003" classname="com.test.testinvocation"/>
  <system-out/>
  <testcase name="aaa" time="0.002" classname="com.test.testinvocation"/>
  <system-out/>
  <testcase name="aaa" time="0.003" classname="com.test.testinvocation"/>
  <system-out/>
  <testcase name="aaa" time="0.002" classname="com.test.testinvocation"/>
  <system-out/>
  <testcase name="aaa" time="0.013" classname="com.test.testinvocation"/>
  <system-out/>
  <testcase name="aaa" time="0.002" classname="com.test.testinvocation"/>
  <system-out/>
  <testcase name="aaa" time="0.003" classname="com.test.testinvocation"/>
  <system-out/>
  <testcase name="aaa" time="0.010" classname="com.test.testinvocation"/>
  <system-out/>
  <testcase name="aaa" time="0.002" classname="com.test.testinvocation"/>
  <system-out/>
</testsuite> <!-- com.test.testinvocation -->
