<?xml version="1.0" encoding="UTF-8"?>
<!-- Generated by org.testng.reporters.JUnitReportReporter -->
<testsuite skipped="0" hostname="DESKTOP-H5EGRJF" name="com.test.AssertEx" tests="1" failures="0" timestamp="2020-02-19T07:43:41 CST" time="12.729" errors="0">
  <testcase name="setup" time="12.729" classname="com.test.AssertEx"/>
</testsuite> <!-- com.test.AssertEx -->
